c:\users\akret\source\repos\graphicscore2\graphicscore1\debug\vc143.pdb
c:\users\akret\source\repos\graphicscore2\graphicscore1\debug\vc143.idb
c:\users\akret\source\repos\graphicscore2\graphicscore1\debug\tgareader.obj
c:\users\akret\source\repos\graphicscore2\graphicscore1\debug\texture.obj
c:\users\akret\source\repos\graphicscore2\graphicscore1\debug\stackallocator.obj
c:\users\akret\source\repos\graphicscore2\graphicscore1\debug\resource.obj
c:\users\akret\source\repos\graphicscore2\graphicscore1\debug\renderer.obj
c:\users\akret\source\repos\graphicscore2\graphicscore1\debug\main.obj
c:\users\akret\source\repos\graphicscore2\graphicscore1\debug\gamecontroller.obj
c:\users\akret\source\repos\graphicscore2\graphicscore1\debug\filecontroller.obj
c:\users\akret\source\repos\graphicscore2\graphicscore1\debug\assetcontroller.obj
c:\users\akret\source\repos\graphicscore2\graphicscore1\debug\asset.obj
c:\users\akret\source\repos\graphicscore2\debug\graphicscore2.exe
c:\users\akret\source\repos\graphicscore2\debug\graphicscore2.pdb
c:\users\akret\source\repos\graphicscore2\graphicscore1\debug\graphicscore2.ilk
c:\users\akret\source\repos\graphicscore2\graphicscore1\debug\graphicscore1.ilk
c:\users\akret\source\repos\graphicscore2\graphicscore1\debug\graphicscore2.tlog\cl.command.1.tlog
c:\users\akret\source\repos\graphicscore2\graphicscore1\debug\graphicscore2.tlog\cl.items.tlog
c:\users\akret\source\repos\graphicscore2\graphicscore1\debug\graphicscore2.tlog\cl.read.1.tlog
c:\users\akret\source\repos\graphicscore2\graphicscore1\debug\graphicscore2.tlog\cl.write.1.tlog
c:\users\akret\source\repos\graphicscore2\graphicscore1\debug\graphicscore2.tlog\link.command.1.tlog
c:\users\akret\source\repos\graphicscore2\graphicscore1\debug\graphicscore2.tlog\link.read.1.tlog
c:\users\akret\source\repos\graphicscore2\graphicscore1\debug\graphicscore2.tlog\link.secondary.1.tlog
c:\users\akret\source\repos\graphicscore2\graphicscore1\debug\graphicscore2.tlog\link.write.1.tlog
