C:\Program Files\Microsoft Visual Studio\2022\Community\MSBuild\Microsoft\VC\v170\Microsoft.CppBuild.targets(531,5): warning MSB8028: The intermediate directory (Debug\) contains files shared from another project (GraphicsCore1.vcxproj, GraphicsCore2.vcxproj).  This can lead to incorrect clean and rebuild behavior.
          1 file(s) copied.
          1 file(s) copied.
  Asset.cpp
  AssetController.cpp
  FileController.cpp
  GameController.cpp
  Main.cpp
  Renderer.cpp
  Resource.cpp
C:\Users\akret\source\repos\SDLLevels\GraphicsCore1\Resource.cpp(52,40): warning C4267: '=': conversion from 'size_t' to 'byte', possible loss of data
  SpriteAnim.cpp
C:\Users\akret\source\repos\SDLLevels\GraphicsCore1\SpriteAnim.cpp(43,34): warning C4244: '+=': conversion from 'float' to 'short', possible loss of data
  SpriteSheet.cpp
  StackAllocator.cpp
  Texture.cpp
  TGAReader.cpp
  Timing.cpp
  TTFont.cpp
  Generating Code...
  GraphicsCore1.vcxproj -> C:\Users\akret\source\repos\SDLLevels\Debug\SDLLevels.exe
