c:\users\iuabd\documents\sheridan_college\semester6_fall\game_engineering\midterm\github_local_repo\game-midterm-fall2024\sdllevels\debug\vc143.pdb
c:\users\iuabd\documents\sheridan_college\semester6_fall\game_engineering\midterm\github_local_repo\game-midterm-fall2024\sdllevels\debug\vc143.idb
c:\users\iuabd\documents\sheridan_college\semester6_fall\game_engineering\midterm\github_local_repo\game-midterm-fall2024\sdllevels\debug\unit.obj
c:\users\iuabd\documents\sheridan_college\semester6_fall\game_engineering\midterm\github_local_repo\game-midterm-fall2024\sdllevels\debug\ttfont.obj
c:\users\iuabd\documents\sheridan_college\semester6_fall\game_engineering\midterm\github_local_repo\game-midterm-fall2024\sdllevels\debug\timing.obj
c:\users\iuabd\documents\sheridan_college\semester6_fall\game_engineering\midterm\github_local_repo\game-midterm-fall2024\sdllevels\debug\tgareader.obj
c:\users\iuabd\documents\sheridan_college\semester6_fall\game_engineering\midterm\github_local_repo\game-midterm-fall2024\sdllevels\debug\texture.obj
c:\users\iuabd\documents\sheridan_college\semester6_fall\game_engineering\midterm\github_local_repo\game-midterm-fall2024\sdllevels\debug\stackallocator.obj
c:\users\iuabd\documents\sheridan_college\semester6_fall\game_engineering\midterm\github_local_repo\game-midterm-fall2024\sdllevels\debug\spritesheet.obj
c:\users\iuabd\documents\sheridan_college\semester6_fall\game_engineering\midterm\github_local_repo\game-midterm-fall2024\sdllevels\debug\spriteanim.obj
c:\users\iuabd\documents\sheridan_college\semester6_fall\game_engineering\midterm\github_local_repo\game-midterm-fall2024\sdllevels\debug\soundeffect.obj
c:\users\iuabd\documents\sheridan_college\semester6_fall\game_engineering\midterm\github_local_repo\game-midterm-fall2024\sdllevels\debug\sdllevels.obj
c:\users\iuabd\documents\sheridan_college\semester6_fall\game_engineering\midterm\github_local_repo\game-midterm-fall2024\sdllevels\debug\resource.obj
c:\users\iuabd\documents\sheridan_college\semester6_fall\game_engineering\midterm\github_local_repo\game-midterm-fall2024\sdllevels\debug\renderer.obj
c:\users\iuabd\documents\sheridan_college\semester6_fall\game_engineering\midterm\github_local_repo\game-midterm-fall2024\sdllevels\debug\level.obj
c:\users\iuabd\documents\sheridan_college\semester6_fall\game_engineering\midterm\github_local_repo\game-midterm-fall2024\sdllevels\debug\gamecontroller.obj
c:\users\iuabd\documents\sheridan_college\semester6_fall\game_engineering\midterm\github_local_repo\game-midterm-fall2024\sdllevels\debug\filecontroller.obj
c:\users\iuabd\documents\sheridan_college\semester6_fall\game_engineering\midterm\github_local_repo\game-midterm-fall2024\sdllevels\debug\assetcontroller.obj
c:\users\iuabd\documents\sheridan_college\semester6_fall\game_engineering\midterm\github_local_repo\game-midterm-fall2024\sdllevels\debug\asset.obj
c:\users\iuabd\documents\sheridan_college\semester6_fall\game_engineering\midterm\github_local_repo\game-midterm-fall2024\debug\sdllevels.exe
c:\users\iuabd\documents\sheridan_college\semester6_fall\game_engineering\midterm\github_local_repo\game-midterm-fall2024\debug\sdllevels.pdb
c:\users\iuabd\documents\sheridan_college\semester6_fall\game_engineering\midterm\github_local_repo\game-midterm-fall2024\sdllevels\debug\sdllevels.ilk
c:\users\iuabd\documents\sheridan_college\semester6_fall\game_engineering\midterm\github_local_repo\game-midterm-fall2024\sdllevels\debug\sdllevels.tlog\cl.command.1.tlog
c:\users\iuabd\documents\sheridan_college\semester6_fall\game_engineering\midterm\github_local_repo\game-midterm-fall2024\sdllevels\debug\sdllevels.tlog\cl.items.tlog
c:\users\iuabd\documents\sheridan_college\semester6_fall\game_engineering\midterm\github_local_repo\game-midterm-fall2024\sdllevels\debug\sdllevels.tlog\cl.read.1.tlog
c:\users\iuabd\documents\sheridan_college\semester6_fall\game_engineering\midterm\github_local_repo\game-midterm-fall2024\sdllevels\debug\sdllevels.tlog\cl.write.1.tlog
c:\users\iuabd\documents\sheridan_college\semester6_fall\game_engineering\midterm\github_local_repo\game-midterm-fall2024\sdllevels\debug\sdllevels.tlog\link.command.1.tlog
c:\users\iuabd\documents\sheridan_college\semester6_fall\game_engineering\midterm\github_local_repo\game-midterm-fall2024\sdllevels\debug\sdllevels.tlog\link.read.1.tlog
c:\users\iuabd\documents\sheridan_college\semester6_fall\game_engineering\midterm\github_local_repo\game-midterm-fall2024\sdllevels\debug\sdllevels.tlog\link.secondary.1.tlog
c:\users\iuabd\documents\sheridan_college\semester6_fall\game_engineering\midterm\github_local_repo\game-midterm-fall2024\sdllevels\debug\sdllevels.tlog\link.write.1.tlog
